<?xml version="1.0" encoding="UTF-8"?>
<!-- Generated by org.testng.reporters.JUnitXMLReporter -->
<testsuite hostname="LAPTOP-PE32G410" ignored="6" name="Test" tests="8" failures="1" timestamp="14 Oct 2019 23:53:53 GMT" time="22.468" errors="0">
  <testcase name="landingPageurlValidation" time="6.141" classname="com.Upgrade.test.CheckYourRateTest"/>
  <testcase name="emptyField_Validation" time="0.539" classname="com.Upgrade.test.CheckYourRateTest"/>
  <testcase name="loanAmount_Validation" time="0.617" classname="com.Upgrade.test.CheckYourRateTest"/>
  <testcase name="checkYourRate_Validation" time="0.585" classname="com.Upgrade.test.CheckYourRateTest">
    <failure type="org.openqa.selenium.InvalidSelectorException" message="invalid selector: Unable to locate an element with the xpath expression //h2[.=&amp;apos;Let&amp;apos;s get started with some basic information&amp;apos;] because of the following error:
SyntaxError: Failed to execute &amp;apos;evaluate&amp;apos; on &amp;apos;Document&amp;apos;: The string &amp;apos;//h2[.=&amp;apos;Let&amp;apos;s get started with some basic information&amp;apos;]&amp;apos; is not a valid XPath expression.
  (Session info: chrome=77.0.3865.90)
For documentation on this error, please visit: https://www.seleniumhq.org/exceptions/invalid_selector_exception.html
Build info: version: &amp;apos;3.141.59&amp;apos;, revision: &amp;apos;e82be7d358&amp;apos;, time: &amp;apos;2018-11-14T08:17:03&amp;apos;
System info: host: &amp;apos;LAPTOP-PE32G410&amp;apos;, ip: &amp;apos;192.168.0.16&amp;apos;, os.name: &amp;apos;Windows 10&amp;apos;, os.arch: &amp;apos;amd64&amp;apos;, os.version: &amp;apos;10.0&amp;apos;, java.version: &amp;apos;1.8.0_171&amp;apos;
Driver info: org.openqa.selenium.chrome.ChromeDriver
Capabilities {acceptInsecureCerts: false, browserName: chrome, browserVersion: 77.0.3865.90, chrome: {chromedriverVersion: 77.0.3865.40 (f484704e052e0..., userDataDir: C:\Users\prave\AppData\Loca...}, goog:chromeOptions: {debuggerAddress: localhost:49622}, javascriptEnabled: true, networkConnectionEnabled: false, pageLoadStrategy: normal, platform: XP, platformName: XP, proxy: Proxy(), setWindowRect: true, strictFileInteractability: false, timeouts: {implicit: 0, pageLoad: 300000, script: 30000}, unhandledPromptBehavior: dismiss and notify}
Session ID: 63c5513954637227a62a05978309a394
*** Element info: {Using=xpath, value=//h2[.=&amp;apos;Let&amp;apos;s get started with some basic information&amp;apos;]}">
      <![CDATA[org.openqa.selenium.InvalidSelectorException: invalid selector: Unable to locate an element with the xpath expression //h2[.='Let's get started with some basic information'] because of the following error:
SyntaxError: Failed to execute 'evaluate' on 'Document': The string '//h2[.='Let's get started with some basic information']' is not a valid XPath expression.
  (Session info: chrome=77.0.3865.90)
For documentation on this error, please visit: https://www.seleniumhq.org/exceptions/invalid_selector_exception.html
Build info: version: '3.141.59', revision: 'e82be7d358', time: '2018-11-14T08:17:03'
System info: host: 'LAPTOP-PE32G410', ip: '192.168.0.16', os.name: 'Windows 10', os.arch: 'amd64', os.version: '10.0', java.version: '1.8.0_171'
Driver info: org.openqa.selenium.chrome.ChromeDriver
Capabilities {acceptInsecureCerts: false, browserName: chrome, browserVersion: 77.0.3865.90, chrome: {chromedriverVersion: 77.0.3865.40 (f484704e052e0..., userDataDir: C:\Users\prave\AppData\Loca...}, goog:chromeOptions: {debuggerAddress: localhost:49622}, javascriptEnabled: true, networkConnectionEnabled: false, pageLoadStrategy: normal, platform: XP, platformName: XP, proxy: Proxy(), setWindowRect: true, strictFileInteractability: false, timeouts: {implicit: 0, pageLoad: 300000, script: 30000}, unhandledPromptBehavior: dismiss and notify}
Session ID: 63c5513954637227a62a05978309a394
*** Element info: {Using=xpath, value=//h2[.='Let's get started with some basic information']}
at org.openqa.selenium.remote.http.W3CHttpResponseCodec.createException(W3CHttpResponseCodec.java:187)
at org.openqa.selenium.remote.http.W3CHttpResponseCodec.decode(W3CHttpResponseCodec.java:122)
at org.openqa.selenium.remote.http.W3CHttpResponseCodec.decode(W3CHttpResponseCodec.java:49)
at org.openqa.selenium.remote.HttpCommandExecutor.execute(HttpCommandExecutor.java:158)
at org.openqa.selenium.remote.service.DriverCommandExecutor.execute(DriverCommandExecutor.java:83)
at org.openqa.selenium.remote.RemoteWebDriver.execute(RemoteWebDriver.java:552)
at org.openqa.selenium.remote.RemoteWebDriver.findElement(RemoteWebDriver.java:323)
at org.openqa.selenium.remote.RemoteWebDriver.findElementByXPath(RemoteWebDriver.java:428)
at org.openqa.selenium.By$ByXPath.findElement(By.java:353)
at org.openqa.selenium.remote.RemoteWebDriver.findElement(RemoteWebDriver.java:315)
at org.openqa.selenium.support.pagefactory.DefaultElementLocator.findElement(DefaultElementLocator.java:69)
at org.openqa.selenium.support.pagefactory.internal.LocatingElementHandler.invoke(LocatingElementHandler.java:38)
at com.sun.proxy.$Proxy14.getText(Unknown Source)
at com.Upgrade.utility.Helper.getText(Helper.java:100)
at com.Upgrade.pages.CheckYourRate.checkYourRate_HappyPath(CheckYourRate.java:107)
at com.Upgrade.test.CheckYourRateTest.checkYourRate_Validation(CheckYourRateTest.java:38)
... Removed 29 stack frames]]>
    </failure>
  </testcase> <!-- checkYourRate_Validation -->
  <testcase name="basicInformation_Validation" time="4.542" classname="com.Upgrade.test.CreateAccountTest"/>
  <testcase name="offerPageUrl_Validation" time="3.04" classname="com.Upgrade.test.PayOffOfferTest"/>
  <testcase name="signOut_Validation" time="5.541" classname="com.Upgrade.test.PayOffOfferTest"/>
  <testcase name="loginUrl_validation" time="1.362" classname="com.Upgrade.test.LoginTest"/>
  <testcase name="@AfterSuite tearDownDriver" time="0.0" classname="com.Upgrade.common.BaseTest">
    <ignored/>
  </testcase> <!-- @AfterSuite tearDownDriver -->
  <testcase name="@AfterSuite tearDownDriver" time="0.0" classname="com.Upgrade.common.BaseTest">
    <ignored/>
  </testcase> <!-- @AfterSuite tearDownDriver -->
  <testcase name="@AfterSuite tearDownDriver" time="0.0" classname="com.Upgrade.common.BaseTest">
    <ignored/>
  </testcase> <!-- @AfterSuite tearDownDriver -->
  <testcase name="@BeforeSuite loadDriver" time="0.0" classname="com.Upgrade.common.BaseTest">
    <ignored/>
  </testcase> <!-- @BeforeSuite loadDriver -->
  <testcase name="@BeforeSuite loadDriver" time="0.0" classname="com.Upgrade.common.BaseTest">
    <ignored/>
  </testcase> <!-- @BeforeSuite loadDriver -->
  <testcase name="@BeforeSuite loadDriver" time="0.0" classname="com.Upgrade.common.BaseTest">
    <ignored/>
  </testcase> <!-- @BeforeSuite loadDriver -->
</testsuite> <!-- Test -->
